[debug] ----------------------------------------------------------------------
[debug] Command:      /Users/luandropvieira/.nvm/versions/node/v4.2.3/bin/node /Users/luandropvieira/.nvm/versions/node/v4.2.3/bin/firebase deploy
[debug] CLI Version:  3.0.6
[debug] Platform:     darwin
[debug] Node Version: v4.2.3
[debug] Time:         Wed Aug 10 2016 07:59:02 GMT-0300 (BRT)
[debug] ----------------------------------------------------------------------
[debug] 
[debug] > command requires scopes: ["email","openid","https://www.googleapis.com/auth/cloudplatformprojects.readonly","https://www.googleapis.com/auth/firebase"]
[debug] >>> HTTP REQUEST GET https://admin.firebase.com/v1/projects/tomei-posse 
[debug] <<< HTTP RESPONSE 200
[debug] >>> HTTP REQUEST GET https://admin.firebase.com/v1/database/tomei-posse/tokens 
[debug] <<< HTTP RESPONSE 200
[info] 
[info] === Deploying to 'tomei-posse'...
[info] 
[info] i  deploying database, hosting
[info] ✔  database: rules ready to deploy.
[info] i  hosting: preparing build directory for upload...
[debug] >>> HTTP REQUEST PUT https://deploy.firebase.com/v1/hosting/tomei-posse/uploads/-KOo5opmh1VCeXBtRn-J?fileCount=6&message= 
[debug] <<< HTTP RESPONSE 200
[info] ✔  hosting: build folder uploaded successfully
[info] ✔  hosting: 6 files uploaded successfully
[info] i  starting release process (may take several minutes)...
[debug] >>> HTTP REQUEST POST https://deploy.firebase.com/v1/projects/tomei-posse/releases
